{"service":"user-service","level":"info","message":"DB CONN:"}
{"service":"user-service","level":"info","message":"DB CONN:"}
{"service":"user-service","level":"info","message":"DB CONN:"}
{"service":"user-service","level":"info","message":"DB CONN:"}
{"service":"user-service","level":"info","message":"DB CONN:"}
{"service":"user-service","level":"info","message":"DB CONN: %s"}
{"service":"user-service","level":"info","message":"DB CONN: %s "}
{"level":"info","message":"DB CONN: DB Connection has been established"}
{"level":"info","message":"DB Connection has been established"}
{"level":"info","message":"DB Connection has been established"}
{"level":"info","message":"DB Connection has been established"}
{"level":"info","message":"DB Connection has been established"}
{"level":"info","message":"DB Connection has been established"}
{"level":"info","message":"DB Connection has been established"}
{"level":"info","message":"DB Connection has been established"}
{"level":"info","message":"DB Connection has been established"}
{"level":"info","message":"DB Connection has been established","timestamp":"2019-05-20 23:02:51"}
{"level":"info","message":"DB Connection has been established","timestamp":"2019-05-20 23:03:36"}
{"level":"info","message":"DB Connection has been established","timestamp":"2019-05-20 23:03:49"}
{"level":"info","message":"DB Connection has been established","timestamp":"2019-05-20 23:05:11"}
{"level":"info","message":"DB Connection has been established","timestamp":"2019-05-20 23:05:16"}
{"level":"info","message":"DB Connection has been established","timestamp":"2019-05-20 23:05:22"}
{"0":"D","1":"B","2":" ","3":"C","4":"o","5":"n","6":"n","7":"e","8":"c","9":"t","10":"i","11":"o","12":"n","13":" ","14":"h","15":"a","16":"s","17":" ","18":"b","19":"e","20":"e","21":"n","22":" ","23":"e","24":"s","25":"t","26":"a","27":"b","28":"l","29":"i","30":"s","31":"h","32":"e","33":"d","level":"info","message":"info","timestamp":"2019-05-20 23:05:28"}
{"level":"info","message":"DB Connection has been established","timestamp":"2019-05-20 23:05:38"}
{"level":"info","message":"DB Connection has been established","timestamp":"2019-05-20 23:05:55"}
{"0":"{","1":"}","level":"info","message":"Request: ","timestamp":"2019-05-20 23:05:59"}
{"0":"{","1":"}","level":"info","message":"Request: ","timestamp":"2019-05-20 23:05:59"}
{"0":"{","1":"}","level":"info","message":"Request: ","timestamp":"2019-05-20 23:05:59"}
{"0":"{","1":"}","level":"info","message":"Request: ","timestamp":"2019-05-20 23:05:59"}
{"0":"{","1":"}","level":"info","message":"Request: ","timestamp":"2019-05-20 23:05:59"}
{"0":"{","1":"}","level":"info","message":"Request: ","timestamp":"2019-05-20 23:06:00"}
{"0":"{","1":"\n","2":" ","3":" ","4":"\"","5":"e","6":"m","7":"a","8":"i","9":"l","10":"\"","11":":","12":" ","13":"\"","14":"t","15":"i","16":"m","17":"i","18":"l","19":"e","20":"h","21":"i","22":"n","23":".","24":"o","25":"l","26":"u","27":"m","28":"o","29":"f","30":"i","31":"n","32":"@","33":"g","34":"m","35":"a","36":"i","37":"l","38":".","39":"c","40":"o","41":"m","42":"\"","43":",","44":"\n","45":" ","46":" ","47":"\"","48":"p","49":"a","50":"s","51":"s","52":"w","53":"o","54":"r","55":"d","56":"\"","57":":","58":" ","59":"\"","60":"b","61":"a","62":"k","63":"u","64":"g","65":"a","66":"n","67":"\"","68":"\n","69":"}","level":"info","message":"Request: ","timestamp":"2019-05-20 23:06:57"}
{"level":"info","message":"DB Connection has been established","timestamp":"2019-05-20 23:09:24"}
{"level":"\u001b[32minfo\u001b[39m","message":"DB Connection has been established","timestamp":"2019-05-20 23:09:43"}
{"level":"\u001b[32minfo\u001b[39m","message":"DB Connection has been established","timestamp":"2019-05-20 23:10:06"}
{"level":"\u001b[32minfo\u001b[39m","message":"DB Connection has been established","timestamp":"2019-05-20 23:10:11","label":""}
{"level":"\u001b[32minfo\u001b[39m","message":"DB Connection has been established","timestamp":"2019-05-20 23:10:16","label":"book-a-meal "}
{"level":"\u001b[32minfo\u001b[39m","message":"DB Connection has been established","timestamp":"2019-05-20 23:10:21","label":"book-a-meal"}
{"level":"\u001b[32minfo\u001b[39m","message":"DB Connection has been established","timestamp":"2019-05-20 23:10:33","label":"book-a-meal"}
{"level":"\u001b[32minfo\u001b[39m","message":"DB Connection has been established","timestamp":"2019-05-20 23:10:42","label":"book-a-meal"}
